0 info it worked if it ends with ok
1 verbose cli [ '/usr/local/bin/node',
1 verbose cli   '/usr/local/bin/npm',
1 verbose cli   'install',
1 verbose cli   'node-zip' ]
2 info using npm@1.4.28
3 info using node@v0.10.35
4 verbose readDependencies using package.json deps
5 verbose cache add [ 'node-zip@1.1.x', null ]
6 verbose cache add name=undefined spec="node-zip@1.1.x" args=["node-zip@1.1.x",null]
7 verbose parsed url { protocol: null,
7 verbose parsed url   slashes: null,
7 verbose parsed url   auth: null,
7 verbose parsed url   host: null,
7 verbose parsed url   port: null,
7 verbose parsed url   hostname: null,
7 verbose parsed url   hash: null,
7 verbose parsed url   search: null,
7 verbose parsed url   query: null,
7 verbose parsed url   pathname: 'node-zip@1.1.x',
7 verbose parsed url   path: 'node-zip@1.1.x',
7 verbose parsed url   href: 'node-zip@1.1.x' }
8 verbose cache add name="node-zip" spec="1.1.x" args=["node-zip","1.1.x"]
9 verbose parsed url { protocol: null,
9 verbose parsed url   slashes: null,
9 verbose parsed url   auth: null,
9 verbose parsed url   host: null,
9 verbose parsed url   port: null,
9 verbose parsed url   hostname: null,
9 verbose parsed url   hash: null,
9 verbose parsed url   search: null,
9 verbose parsed url   query: null,
9 verbose parsed url   pathname: '1.1.x',
9 verbose parsed url   path: '1.1.x',
9 verbose parsed url   href: '1.1.x' }
10 verbose addNamed [ 'node-zip', '1.1.x' ]
11 verbose addNamed [ null, '>=1.1.0-0 <1.2.0-0' ]
12 silly lockFile 67e65cca-node-zip-1-1-x node-zip@1.1.x
13 verbose lock node-zip@1.1.x /Users/Lukas/.npm/67e65cca-node-zip-1-1-x.lock
14 silly lockFile 67e65cca-node-zip-1-1-x node-zip@1.1.x
15 error Error: Attempt to unlock node-zip@1.1.x, which hasn't been locked
15 error     at unlock (/usr/local/lib/node_modules/npm/lib/utils/locker.js:44:11)
15 error     at cb (/usr/local/lib/node_modules/npm/lib/cache/add-named.js:32:5)
15 error     at /usr/local/lib/node_modules/npm/lib/cache/add-named.js:41:20
15 error     at /usr/local/lib/node_modules/npm/lib/utils/locker.js:30:7
15 error     at cb (/usr/local/lib/node_modules/npm/node_modules/lockfile/lockfile.js:149:38)
15 error     at /usr/local/lib/node_modules/npm/node_modules/lockfile/lockfile.js:177:38
15 error     at Object.oncomplete (fs.js:108:15)
16 error If you need help, you may report this *entire* log,
16 error including the npm and node versions, at:
16 error     <http://github.com/npm/npm/issues>
17 error System Darwin 14.1.0
18 error command "/usr/local/bin/node" "/usr/local/bin/npm" "install" "node-zip"
19 error cwd /Users/Lukas/Documents/git/mittelstufenprojekt
20 error node -v v0.10.35
21 error npm -v 1.4.28
22 verbose exit [ 1, true ]
